<?xml version="1.0" encoding="UTF-8"?>
<!-- Generated by org.testng.reporters.JUnitXMLReporter -->
<testsuite ignored="0" hostname="DESKTOP-U594KVC" failures="0" tests="3" name="Default test" time="51.45" errors="0" timestamp="2022-02-25T13:10:21 IST">
  <testcase classname="org.bno.WebApp.Loginpage" name="loginFormCheck" time="17.917"/>
  <testcase classname="org.bno.WebApp.Homepage" name="countrySelectorCheck" time="18.068"/>
  <testcase classname="org.bno.WebApp.Homepage" name="geth1title" time="15.379"/>
</testsuite> <!-- Default test -->
